Arguments: 
  /usr/local/bin/node /usr/local/bin/yarn

PATH: 
  /usr/local/bin:/usr/bin:/bin:/usr/sbin:/sbin:/Users/islamtastanbekov/Downloads/Projects/Ulbi Продвинутый react WEBRIP/2 Router, App Layout, i18n, eslint, stylelint, jest/19 Stylelint. Plugin for i18next/production-project-26063a72ba848a0994c00e0f5c872c0416190c8f/node_modules/.bin

Yarn version: 
  1.22.19

Node version: 
  18.16.0

Platform: 
  darwin x64

Trace: 
  Error: ENOSPC: no space left on device, copyfile '/Users/islamtastanbekov/Library/Caches/Yarn/v6/npm-@types-node-20.4.1-a6033a8718653c50ac4962977e14d0f984d9527d-integrity/node_modules/@types/node/globals.d.ts' -> '/Users/islamtastanbekov/Downloads/Projects/Ulbi Продвинутый react WEBRIP/2 Router, App Layout, i18n, eslint, stylelint, jest/19 Stylelint. Plugin for i18next/production-project-26063a72ba848a0994c00e0f5c872c0416190c8f/node_modules/@types/ws/node_modules/@types/node/globals.d.ts'

npm manifest: 
  {
    "name": "production-project",
    "version": "1.0.0",
    "description": "",
    "main": "index.js",
    "scripts": {
      "start": "webpack serve --env port=3000",
      "build:prod": "webpack  --env mode=production",
      "build:dev": "webpack  --env mode=development",
      "lint:ts": "eslint \"**/*.{ts,tsx}\"",
      "lint:ts:fix": "eslint \"**/*.{ts,tsx}\" --fix",
      "lint:scss": "npx stylelint \"**/*.scss\"",
      "lint:scss:fix": "npx stylelint \"**/*.scss\" --fix"
    },
    "keywords": [],
    "author": "",
    "license": "ISC",
    "devDependencies": {
      "@babel/core": "^7.17.5",
      "@babel/preset-env": "^7.16.11",
      "@svgr/webpack": "^6.2.1",
      "@types/node": "^17.0.21",
      "@types/react": "^17.0.39",
      "@types/react-dom": "^17.0.11",
      "@types/react-router-dom": "^5.3.3",
      "@types/webpack": "^5.28.0",
      "@types/webpack-dev-server": "^4.7.2",
      "@typescript-eslint/eslint-plugin": "^5.12.1",
      "@typescript-eslint/parser": "^5.12.1",
      "babel-loader": "^8.2.3",
      "babel-plugin-i18next-extract": "^0.8.3",
      "css-loader": "^6.6.0",
      "eslint": "^8.10.0",
      "eslint-config-airbnb": "^19.0.4",
      "eslint-plugin-i18next": "^5.1.2",
      "eslint-plugin-import": "^2.25.4",
      "eslint-plugin-jsx-a11y": "^6.5.1",
      "eslint-plugin-react": "^7.29.2",
      "eslint-plugin-react-hooks": "^4.3.0",
      "file-loader": "^6.2.0",
      "html-webpack-plugin": "^5.5.0",
      "mini-css-extract-plugin": "^2.5.3",
      "sass": "^1.49.9",
      "sass-loader": "^12.6.0",
      "style-loader": "^3.3.1",
      "stylelint": "^14.5.3",
      "stylelint-config-standard-scss": "^3.0.0",
      "ts-loader": "^9.2.6",
      "ts-node": "^10.5.0",
      "typescript": "^4.5.5",
      "webpack": "^5.69.1",
      "webpack-cli": "^4.9.2",
      "webpack-dev-server": "^4.7.4"
    },
    "dependencies": {
      "i18next": "^21.6.11",
      "i18next-browser-languagedetector": "^6.1.3",
      "i18next-http-backend": "^1.3.2",
      "react": "^17.0.2",
      "react-dom": "^17.0.2",
      "react-i18next": "^11.15.5",
      "react-router-dom": "^6.2.1"
    }
  }

yarn manifest: 
  No manifest

Lockfile: 
  No lockfile
